<?xml version="1.0" encoding="UTF-8"?>
<testsuite name="env.RunnerTest" time="43.251" tests="3" errors="0" skipped="0" failures="0">
  <properties>
[...]
</properties>
  <testcase name="SecurePay should be retrieved in the search results on google and click and navigate to SecurePay website" classname="Search SecurePay on google and visit SecurePay website" time="14.68"/>
  <testcase name="Navigate and verify the contact us page" classname="Navigate to contact us page and verify the page is loaded" time="12.691"/>
  <testcase name="Verify that the contact us form is filled with random data" classname="Navigate to contact us page and verify the page is loaded" time="15.88"/>
</testsuite>